GI -- APG --  -- BHZ
------------------------------------------------------------------
GI -- AVCB -- 00 -- EHZ
/opt/seiscomp/etc/key/global/profile_EHZ_00
'STATION' -> '/opt/seiscomp/etc/key/station_GI_AVCB'
------------------------------------------------------------------
GI -- AVCS --  -- HHZ
/opt/seiscomp/etc/key/global/profile_HHZ_
'STATION' -> '/opt/seiscomp/etc/key/station_GI_AVCS'
------------------------------------------------------------------
GI -- AVPA -- 00 -- HNZ
/opt/seiscomp/etc/key/global/profile_HNZ_00
'STATION' -> '/opt/seiscomp/etc/key/station_GI_AVPA'
------------------------------------------------------------------
GI -- CHIE --  -- HHZ
------------------------------------------------------------------
GI -- CMSM --  -- HHZ
/opt/seiscomp/etc/key/global/profile_HHZ_
'STATION' -> '/opt/seiscomp/etc/key/station_GI_CMSM'
------------------------------------------------------------------
GI -- CMTP -- 00 -- EHZ
/opt/seiscomp/etc/key/global/profile_EHZ_00
'STATION' -> '/opt/seiscomp/etc/key/station_GI_CMTP'
------------------------------------------------------------------
GI -- CQES -- 00 -- HNZ
/opt/seiscomp/etc/key/global/profile_HNZ_00
'STATION' -> '/opt/seiscomp/etc/key/station_GI_CQES'
------------------------------------------------------------------
GI -- ESSG -- 00 -- EHZ
/opt/seiscomp/etc/key/global/profile_EHZ_00
'STATION' -> '/opt/seiscomp/etc/key/station_GI_ESSG'
------------------------------------------------------------------
GI -- ESSJ -- 00 -- EHZ
/opt/seiscomp/etc/key/global/profile_EHZ_00
'STATION' -> '/opt/seiscomp/etc/key/station_GI_ESSJ'
------------------------------------------------------------------
GI -- FG10 --  -- BHZ
/opt/seiscomp/etc/key/global/profile_BHZ_
'STATION' -> '/opt/seiscomp/etc/key/station_GI_FG10'
------------------------------------------------------------------
GI -- FG11 --  -- EHZ
------------------------------------------------------------------
GI -- FG12 -- 00 -- BHZ
/opt/seiscomp/etc/key/global/profile_BHZ_00
'STATION' -> '/opt/seiscomp/etc/key/station_GI_FG12'
------------------------------------------------------------------
GI -- FG13 -- 00 -- BHZ
/opt/seiscomp/etc/key/global/profile_BHZ_00
'STATION' -> '/opt/seiscomp/etc/key/station_GI_FG13'
------------------------------------------------------------------
GI -- FG14 -- 01 -- BHZ
/opt/seiscomp/etc/key/global/profile_BHZ_01
'STATION' -> '/opt/seiscomp/etc/key/station_GI_FG14'
------------------------------------------------------------------
GI -- FG16 -- 00 -- BHZ
/opt/seiscomp/etc/key/global/profile_BHZ_00
'STATION' -> '/opt/seiscomp/etc/key/station_GI_FG16'
------------------------------------------------------------------
GI -- FG3 --  -- SHZ
/opt/seiscomp/etc/key/global/profile_SHZ_
'STATION' -> '/opt/seiscomp/etc/key/station_GI_FG3'
------------------------------------------------------------------
GI -- FG8 -- 00 -- BHZ
------------------------------------------------------------------
GI -- GCG4 -- 00 -- EHZ
/opt/seiscomp/etc/key/global/profile_EHZ_00
